[debug] [2021-04-05T09:16:33.733Z] ----------------------------------------------------------------------
[debug] [2021-04-05T09:16:33.735Z] Command:       /usr/local/bin/node /usr/local/bin/firebase deploy
[debug] [2021-04-05T09:16:33.735Z] CLI Version:   9.8.0
[debug] [2021-04-05T09:16:33.735Z] Platform:      linux
[debug] [2021-04-05T09:16:33.735Z] Node Version:  v12.16.3
[debug] [2021-04-05T09:16:33.736Z] Time:          Mon Apr 05 2021 14:46:33 GMT+0530 (India Standard Time)
[debug] [2021-04-05T09:16:33.736Z] ----------------------------------------------------------------------
[debug] 
[debug] [2021-04-05T09:16:33.742Z] > command requires scopes: ["email","openid","https://www.googleapis.com/auth/cloudplatformprojects.readonly","https://www.googleapis.com/auth/firebase","https://www.googleapis.com/auth/cloud-platform"]
[debug] [2021-04-05T09:16:33.743Z] > authorizing via signed-in user
[debug] [2021-04-05T09:16:33.743Z] [iam] checking project realtime-chat-409dc for permissions ["firebase.projects.get","firebasehosting.sites.update"]
[debug] [2021-04-05T09:16:33.745Z] > refreshing access token with scopes: ["email","https://www.googleapis.com/auth/cloud-platform","https://www.googleapis.com/auth/cloudplatformprojects.readonly","https://www.googleapis.com/auth/firebase","openid"]
[debug] [2021-04-05T09:16:33.745Z] >>> HTTP REQUEST POST https://www.googleapis.com/oauth2/v3/token  
 <request body omitted>
[debug] [2021-04-05T09:16:33.975Z] <<< HTTP RESPONSE 200 {"cache-control":"no-cache, no-store, max-age=0, must-revalidate","expires":"Mon, 01 Jan 1990 00:00:00 GMT","date":"Mon, 05 Apr 2021 09:16:33 GMT","pragma":"no-cache","content-type":"application/json; charset=utf-8","vary":"X-Origin, Referer, Origin,Accept-Encoding","server":"scaffolding on HTTPServer2","x-xss-protection":"0","x-frame-options":"SAMEORIGIN","x-content-type-options":"nosniff","alt-svc":"h3-29=\":443\"; ma=2592000,h3-T051=\":443\"; ma=2592000,h3-Q050=\":443\"; ma=2592000,h3-Q046=\":443\"; ma=2592000,h3-Q043=\":443\"; ma=2592000,quic=\":443\"; ma=2592000; v=\"46,43\"","accept-ranges":"none","transfer-encoding":"chunked"}
[debug] [2021-04-05T09:16:33.981Z] >>> HTTP REQUEST POST https://cloudresourcemanager.googleapis.com/v1/projects/realtime-chat-409dc:testIamPermissions  
 {"permissions":["firebase.projects.get","firebasehosting.sites.update"]}
[debug] [2021-04-05T09:16:35.365Z] <<< HTTP RESPONSE 200 {"content-type":"application/json; charset=UTF-8","vary":"X-Origin, Referer, Origin,Accept-Encoding","date":"Mon, 05 Apr 2021 09:16:35 GMT","server":"ESF","cache-control":"private","x-xss-protection":"0","x-frame-options":"SAMEORIGIN","x-content-type-options":"nosniff","server-timing":"gfet4t7; dur=1169","alt-svc":"h3-29=\":443\"; ma=2592000,h3-T051=\":443\"; ma=2592000,h3-Q050=\":443\"; ma=2592000,h3-Q046=\":443\"; ma=2592000,h3-Q043=\":443\"; ma=2592000,quic=\":443\"; ma=2592000; v=\"46,43\"","accept-ranges":"none","transfer-encoding":"chunked"}
[debug] [2021-04-05T09:16:35.367Z] > refreshing access token with scopes: []
[debug] [2021-04-05T09:16:35.368Z] >>> HTTP REQUEST POST https://www.googleapis.com/oauth2/v3/token  
 <request body omitted>
[debug] [2021-04-05T09:16:35.576Z] <<< HTTP RESPONSE 200 {"date":"Mon, 05 Apr 2021 09:16:35 GMT","cache-control":"no-cache, no-store, max-age=0, must-revalidate","pragma":"no-cache","expires":"Mon, 01 Jan 1990 00:00:00 GMT","content-type":"application/json; charset=utf-8","vary":"X-Origin, Referer, Origin,Accept-Encoding","server":"scaffolding on HTTPServer2","x-xss-protection":"0","x-frame-options":"SAMEORIGIN","x-content-type-options":"nosniff","alt-svc":"h3-29=\":443\"; ma=2592000,h3-T051=\":443\"; ma=2592000,h3-Q050=\":443\"; ma=2592000,h3-Q046=\":443\"; ma=2592000,h3-Q043=\":443\"; ma=2592000,quic=\":443\"; ma=2592000; v=\"46,43\"","accept-ranges":"none","transfer-encoding":"chunked"}
[debug] [2021-04-05T09:16:35.583Z] >>> [apiv2][query] GET https://firebase.googleapis.com/v1beta1/projects/realtime-chat-409dc [none]
[debug] [2021-04-05T09:16:36.002Z] <<< [apiv2][status] GET https://firebase.googleapis.com/v1beta1/projects/realtime-chat-409dc 200
[debug] [2021-04-05T09:16:36.002Z] <<< [apiv2][body] GET https://firebase.googleapis.com/v1beta1/projects/realtime-chat-409dc {"projectId":"realtime-chat-409dc","projectNumber":"924173216313","displayName":"realtime-chat","name":"projects/realtime-chat-409dc","resources":{"hostingSite":"realtime-chat-409dc"},"state":"ACTIVE"}
[info] 
[info] === Deploying to 'realtime-chat-409dc'...
[info] 
[info] i  deploying hosting 
[debug] [2021-04-05T09:16:36.006Z] > refreshing access token with scopes: ["email","https://www.googleapis.com/auth/cloud-platform","https://www.googleapis.com/auth/cloudplatformprojects.readonly","https://www.googleapis.com/auth/firebase","openid"]
[debug] [2021-04-05T09:16:36.007Z] >>> HTTP REQUEST POST https://www.googleapis.com/oauth2/v3/token  
 <request body omitted>
[debug] [2021-04-05T09:16:36.214Z] <<< HTTP RESPONSE 200 {"expires":"Mon, 01 Jan 1990 00:00:00 GMT","date":"Mon, 05 Apr 2021 09:16:36 GMT","cache-control":"no-cache, no-store, max-age=0, must-revalidate","pragma":"no-cache","content-type":"application/json; charset=utf-8","vary":"X-Origin, Referer, Origin,Accept-Encoding","server":"scaffolding on HTTPServer2","x-xss-protection":"0","x-frame-options":"SAMEORIGIN","x-content-type-options":"nosniff","alt-svc":"h3-29=\":443\"; ma=2592000,h3-T051=\":443\"; ma=2592000,h3-Q050=\":443\"; ma=2592000,h3-Q046=\":443\"; ma=2592000,h3-Q043=\":443\"; ma=2592000,quic=\":443\"; ma=2592000; v=\"46,43\"","accept-ranges":"none","transfer-encoding":"chunked"}
[debug] [2021-04-05T09:16:36.220Z] >>> HTTP REQUEST POST https://firebasehosting.googleapis.com/v1beta1/sites/realtime-chat-409dc/versions  
 {"config":{"rewrites":[{"glob":"**","path":"/index.html"}]},"labels":{"deployment-tool":"cli-firebase"}}
[debug] [2021-04-05T09:16:38.281Z] <<< HTTP RESPONSE 200 {"content-type":"application/json; charset=UTF-8","vary":"X-Origin, Referer, Origin,Accept-Encoding","date":"Mon, 05 Apr 2021 09:16:38 GMT","server":"ESF","cache-control":"private","x-xss-protection":"0","x-frame-options":"SAMEORIGIN","x-content-type-options":"nosniff","alt-svc":"h3-29=\":443\"; ma=2592000,h3-T051=\":443\"; ma=2592000,h3-Q050=\":443\"; ma=2592000,h3-Q046=\":443\"; ma=2592000,h3-Q043=\":443\"; ma=2592000,quic=\":443\"; ma=2592000; v=\"46,43\"","accept-ranges":"none","transfer-encoding":"chunked"}
[info] i  hosting[realtime-chat-409dc]: beginning deploy... 
[info] i  hosting[realtime-chat-409dc]: found 16 files in build 
[debug] [2021-04-05T09:16:38.562Z] > refreshing access token with scopes: []
[debug] [2021-04-05T09:16:38.562Z] >>> HTTP REQUEST POST https://www.googleapis.com/oauth2/v3/token  
 <request body omitted>
[debug] [2021-04-05T09:16:38.563Z] [hosting] hash cache [YnVpbGQ] stored for 16 files
[debug] [2021-04-05T09:16:38.564Z] [hosting][hash queue][FINAL] {"max":269,"min":5,"avg":24.625,"active":0,"complete":16,"success":16,"errored":0,"retried":0,"total":16,"elapsed":275}
[debug] [2021-04-05T09:16:38.775Z] <<< HTTP RESPONSE 200 {"cache-control":"no-cache, no-store, max-age=0, must-revalidate","pragma":"no-cache","date":"Mon, 05 Apr 2021 09:16:38 GMT","expires":"Mon, 01 Jan 1990 00:00:00 GMT","content-type":"application/json; charset=utf-8","vary":"X-Origin, Referer, Origin,Accept-Encoding","server":"scaffolding on HTTPServer2","x-xss-protection":"0","x-frame-options":"SAMEORIGIN","x-content-type-options":"nosniff","alt-svc":"h3-29=\":443\"; ma=2592000,h3-T051=\":443\"; ma=2592000,h3-Q050=\":443\"; ma=2592000,h3-Q046=\":443\"; ma=2592000,h3-Q043=\":443\"; ma=2592000,quic=\":443\"; ma=2592000; v=\"46,43\"","accept-ranges":"none","transfer-encoding":"chunked"}
[debug] [2021-04-05T09:16:38.781Z] >>> [apiv2][query] POST https://firebasehosting.googleapis.com/v1beta1/sites/realtime-chat-409dc/versions/ffecc56a23549244:populateFiles [none]
[debug] [2021-04-05T09:16:38.781Z] >>> [apiv2][body] POST https://firebasehosting.googleapis.com/v1beta1/sites/realtime-chat-409dc/versions/ffecc56a23549244:populateFiles {"files":{"/asset-manifest.json":"93533fd43e47dc0153190c93232aaa9523f8f6b5a780a747ab3ce6071c68707c","/favicon.ico":"c599b7a91ab3627e3538125d9f40adc2d4bf949046984262670545dc7738af06","/index.html":"e2e4173ed9d39b04307cef642593a620b0977a5ed04c1fc781f4423c8eb7456d","/manifest.json":"0958a5e0c831126100c8c2d06a6bbaa665a3900f21aaff4130238a6f5a113aa1","/logo192.png":"76c449ccb9cd117c2f2338f091b18f7050f3210e249b2228f5c81b23f34377cd","/robots.txt":"2544ca049f223a42bff01f72ad930a5edba75bbb7199d0f8430a02ff5aca16ec","/logo512.png":"7779210d56c1f3741e2e487799fe3092def4fa6ac450a60532b807c3a8971205","/static/js/2.ad01fb6e.chunk.js.LICENSE.txt":"612492ac888e53b827cac33d35d8a105ff235cfda3e1da282ebed5e680b1715a","/static/css/main.36c72588.chunk.css":"b92723761e4dbd5f38950ce7ea00c0e1084cba2f915babb689df5abe43cf694e","/static/css/main.36c72588.chunk.css.map":"2cc94bb2844efd6e180c9b96ac2967dc54dff1a3181cf1ac00f4f6f4c5862c88","/static/js/runtime-main.900dd88b.js":"a2cc8e0cfcc3822b854753fd59b4e310f7dbbb4e3bde80029e01f3b4441a53f1","/static/js/main.8f65c561.chunk.js":"dba7babe79f72c1b5c381b74efeb3d8f1e3aa8f2f7427181b256919b85b101ca","/static/js/runtime-main.900dd88b.js.map":"6e2cd48309d2b7f4b42257944302532fa54453378fdaf25693ff089577223914","/static/js/main.8f65c561.chunk.js.map":"d3b59784986f084cbcbb9354922e1dd6f3d7a762d8a44ce7158f37be3b6e284e","/static/js/2.ad01fb6e.chunk.js":"ba235a700a246f4c7c41e98534f7cd10c8da1326f2faea479430878ae9905c2a","/static/js/2.ad01fb6e.chunk.js.map":"b036f46eab485fc835b8f792b3b08fa1ca0c0dcc0a6ca28bcc99b76b3a815946"}}
